[debug] [2017-07-25T23:26:52.248Z] ----------------------------------------------------------------------
[debug] [2017-07-25T23:26:52.251Z] Command:      C:\Program Files\nodejs\node.exe C:\Users\Moxey PGA Comp\AppData\Roaming\npm\node_modules\firebase-tools\bin\firebase serve
[debug] [2017-07-25T23:26:52.252Z] CLI Version:  3.9.1
[debug] [2017-07-25T23:26:52.252Z] Platform:     win32
[debug] [2017-07-25T23:26:52.252Z] Node Version: v7.9.0
[debug] [2017-07-25T23:26:52.253Z] Time:         Tue Jul 25 2017 19:26:52 GMT-0400 (Eastern Daylight Time)
[debug] [2017-07-25T23:26:52.253Z] ----------------------------------------------------------------------
[debug] 
[debug] [2017-07-25T23:26:52.268Z] > command requires scopes: ["email","openid","https://www.googleapis.com/auth/cloudplatformprojects.readonly","https://www.googleapis.com/auth/firebase","https://www.googleapis.com/auth/cloud-platform"]
[debug] [2017-07-25T23:26:52.269Z] > authorizing via signed-in user
[debug] [2017-07-25T23:26:52.271Z] > refreshing access token with scopes: ["email","https://www.googleapis.com/auth/cloud-platform","https://www.googleapis.com/auth/cloudplatformprojects.readonly","https://www.googleapis.com/auth/firebase","openid"]
[debug] [2017-07-25T23:26:52.271Z] >>> HTTP REQUEST POST https://www.googleapis.com/oauth2/v3/token { refresh_token: '1/Sfe_O6_CLFH_vpgpYUM2EloeDOyR9MurloXM7pjDdXs',
  client_id: '563584335869-fgrhgmd47bqnekij5i8b5pr03ho849e6.apps.googleusercontent.com',
  client_secret: 'j9iVZfS8kkCEFUPaAeJV0sAi',
  grant_type: 'refresh_token',
  scope: 'email https://www.googleapis.com/auth/cloud-platform https://www.googleapis.com/auth/cloudplatformprojects.readonly https://www.googleapis.com/auth/firebase openid' } 
 Tue Jul 25 2017 19:26:52 GMT-0400 (Eastern Daylight Time)
[debug] [2017-07-25T23:26:52.451Z] <<< HTTP RESPONSE 200
[debug] [2017-07-25T23:26:52.464Z] >>> HTTP REQUEST GET https://admin.firebase.com/v1/projects/date-night-e35f7  
 Tue Jul 25 2017 19:26:52 GMT-0400 (Eastern Daylight Time)
[debug] [2017-07-25T23:26:52.818Z] <<< HTTP RESPONSE 200
[debug] [2017-07-25T23:26:52.821Z] >>> HTTP REQUEST GET https://admin.firebase.com/v1/database/date-night-e35f7/tokens  
 Tue Jul 25 2017 19:26:52 GMT-0400 (Eastern Daylight Time)
[debug] [2017-07-25T23:26:53.319Z] <<< HTTP RESPONSE 200
[info] 
[info] === Serving from 'C:\Users\Moxey PGA Comp\Documents\BootCampPrograms\Date-Night'...
[info] 
[debug] [2017-07-25T23:26:53.330Z] >>> HTTP REQUEST GET https://cloudresourcemanager.googleapis.com/v1/projects/date-night-e35f7  
 Tue Jul 25 2017 19:26:53 GMT-0400 (Eastern Daylight Time)
[debug] [2017-07-25T23:26:53.595Z] <<< HTTP RESPONSE 200
[debug] [2017-07-25T23:26:53.596Z] >>> HTTP REQUEST GET https://mobilesdk-pa.googleapis.com/v1/projects/156260956808/clients/_:getWebAppConfig  
 Tue Jul 25 2017 19:26:53 GMT-0400 (Eastern Daylight Time)
[debug] [2017-07-25T23:26:54.028Z] <<< HTTP RESPONSE 200
[info] i  hosting: Serving hosting files from: public
[info] +  hosting: Local server: http://localhost:5000

